<?xml version="1.0" encoding="UTF-8"?>
<testsuite xmlns:xsi="http://www.w3.org/2001/XMLSchema-instance" xsi:noNamespaceSchemaLocation="https://maven.apache.org/surefire/maven-surefire-plugin/xsd/surefire-test-report.xsd" name="com.upgrad.quora.api.controller.AnswerControllerTest" time="0.139" tests="14" errors="0" skipped="0" failures="0">
  <properties>
[...]
</properties>
  <testcase name="deleteAnswerWithNonExistingAccessToken" classname="com.upgrad.quora.api.controller.AnswerControllerTest" time="0"/>
  <testcase name="getAllAnswersToNonExistingQuestion" classname="com.upgrad.quora.api.controller.AnswerControllerTest" time="0.005"/>
  <testcase name="getAllAnswersToQuestionWithSignedOutUser" classname="com.upgrad.quora.api.controller.AnswerControllerTest" time="0.009"/>
  <testcase name="editAnswerWithNonExistingAccessToken" classname="com.upgrad.quora.api.controller.AnswerControllerTest" time="0.008"/>
  <testcase name="deleteAnswerWithSignedOutUser" classname="com.upgrad.quora.api.controller.AnswerControllerTest" time="0.007"/>
  <testcase name="createAnswerForNonExistingQuestion" classname="com.upgrad.quora.api.controller.AnswerControllerTest" time="0.008"/>
  <testcase name="deleteAnswerWithoutOwnership" classname="com.upgrad.quora.api.controller.AnswerControllerTest" time="0.023"/>
  <testcase name="deleteNonExistingAnswer" classname="com.upgrad.quora.api.controller.AnswerControllerTest" time="0.007"/>
  <testcase name="getAllAnswersToQuestionWithNonExistingAccessToken" classname="com.upgrad.quora.api.controller.AnswerControllerTest" time="0.008"/>
  <testcase name="editAnswerWithoutOwnership" classname="com.upgrad.quora.api.controller.AnswerControllerTest" time="0.011"/>
  <testcase name="editAnswerWithSignedOutUser" classname="com.upgrad.quora.api.controller.AnswerControllerTest" time="0.007"/>
  <testcase name="createAnswerWithNonExistingAccessToken" classname="com.upgrad.quora.api.controller.AnswerControllerTest" time="0.007"/>
  <testcase name="createAnswerWithSignedOutUser" classname="com.upgrad.quora.api.controller.AnswerControllerTest" time="0.009"/>
  <testcase name="editNonExistingAnswer" classname="com.upgrad.quora.api.controller.AnswerControllerTest" time="0.008"/>
</testsuite>